app/APK BUILD/Universal/outputs/logs/manifest-merger-debug-report.txt
-- Merging decision tree log ---
provider#androidx.startup.InitializationProvider
INJECTED from src\main\AndroidManifest.xml:138:9-150:20
MERGED from [androidx.work:work-runtime:2.10.2] AndroidManifest.xml:29:9-37:20
MERGED from [androidx.work:work-runtime:2.10.2] AndroidManifest.xml:29:9-37:20
MERGED from [androidx.emoji2:emoji2:1.4.0] AndroidManifest.xml:24:9-32:20
MERGED from [androidx.emoji2:emoji2:1.4.0] AndroidManifest.xml:24:9-32:20
MERGED from [androidx.lifecycle:lifecycle-process:2.9.1] AndroidManifest.xml:24:9-32:20
MERGED from [androidx.lifecycle:lifecycle-process:2.9.1] AndroidManifest.xml:24:9-32:20
MERGED from [androidx.profileinstaller:profileinstaller:1.4.1] AndroidManifest.xml:24:9-32:20
MERGED from [androidx.profileinstaller:profileinstaller:1.4.1] AndroidManifest.xml:24:9-32:20
MERGED from [androidx.startup:startup-runtime:1.2.0] AndroidManifest.xml:24:9-28:34
MERGED from [androidx.startup:startup-runtime:1.2.0] AndroidManifest.xml:24:9-28:34
	tools:node
		ADDED from src\main\AndroidManifest.xml:142:13-31
	android:authorities
		INJECTED from src\main\AndroidManifest.xml
		ADDED from src\main\AndroidManifest.xml:140:13-68
	android:exported
		ADDED from src\main\AndroidManifest.xml:141:13-37
	android:name
		ADDED from src\main\AndroidManifest.xml:139:13-67
provider#androidx.core.content.FileProvider
INJECTED from src\main\AndroidManifest.xml:152:9-160:20
	android:grantUriPermissions
		ADDED from src\main\AndroidManifest.xml:90:13-47
	android:authorities
		INJECTED from src\main\AndroidManifest.xml
		ADDED from src\main\AndroidManifest.xml:88:13-62
	android:exported
		ADDED from src\main\AndroidManifest.xml:89:13-37
	android:name
		ADDED from src\main\AndroidManifest.xml:87:13-62
manifest
ADDED from src\main\AndroidManifest.xml:2:1-170:12
INJECTED from src\main\AndroidManifest.xml:2:1-170:12
INJECTED from src\main\AndroidManifest.xml:2:1-170:12
INJECTED from src\main\AndroidManifest.xml:2:1-170:12
MERGED from [com.squareup.leakcanary:leakcanary-android:2.14] AndroidManifest.xml:17:1-22:12
MERGED from [:business:extension] AndroidManifest.xml:2:1-7:12
MERGED from [:core:extension] AndroidManifest.xml:2:1-7:12
MERGED from [:business:foryou] AndroidManifest.xml:2:1-7:12
MERGED from [:business:favorite] AndroidManifest.xml:2:1-7:12
MERGED from [:business:setting] AndroidManifest.xml:2:1-9:12
MERGED from [:business:playlist] AndroidManifest.xml:2:1-11:12
MERGED from [:business:channel] AndroidManifest.xml:2:1-10:12
MERGED from [:business:playlist-configuration] AndroidManifest.xml:2:1-7:12
MERGED from [:data] AndroidManifest.xml:2:1-10:12
MERGED from [:core] AndroidManifest.xml:2:1-7:12
MERGED from [:core:foundation] AndroidManifest.xml:2:1-7:12
MERGED from [:i18n] AndroidManifest.xml:2:1-7:12
MERGED from [:core:media-resolver] AndroidManifest.xml:2:1-10:12
MERGED from [:core:aidl] AndroidManifest.xml:2:1-7:12
MERGED from [com.github.oxyroid.m3u-extension:api:1.9] AndroidManifest.xml:2:1-7:12
MERGED from [com.github.chuckerteam.chucker:library:4.1.0] AndroidManifest.xml:2:1-52:12
MERGED from [com.google.android.material:material:1.12.0] AndroidManifest.xml:17:1-24:12
MERGED from [io.coil-kt:coil-compose:2.7.0] AndroidManifest.xml:2:1-7:12
MERGED from [io.coil-kt:coil:2.7.0] AndroidManifest.xml:2:1-7:12
MERGED from [io.coil-kt:coil-compose-base:2.7.0] AndroidManifest.xml:2:1-7:12
MERGED from [io.coil-kt:coil-base:2.7.0] AndroidManifest.xml:2:1-7:12
MERGED from [androidx.appcompat:appcompat-resources:1.7.1] AndroidManifest.xml:2:1-7:12
MERGED from [com.airbnb.android:lottie-compose:6.6.7] AndroidManifest.xml:2:1-7:12
MERGED from [com.airbnb.android:lottie:6.6.7] AndroidManifest.xml:2:1-9:12
MERGED from [androidx.constraintlayout:constraintlayout:2.2.0] AndroidManifest.xml:2:1-9:12
MERGED from [androidx.appcompat:appcompat:1.7.1] AndroidManifest.xml:2:1-7:12
MERGED from [com.google.accompanist:accompanist-permissions:0.37.3] AndroidManifest.xml:17:1-23:12
MERGED from [androidx.hilt:hilt-work:1.2.0] AndroidManifest.xml:17:1-22:12
MERGED from [androidx.hilt:hilt-navigation-compose:1.2.0] AndroidManifest.xml:2:1-7:12
MERGED from [androidx.hilt:hilt-navigation:1.2.0] AndroidManifest.xml:2:1-7:12
MERGED from [com.google.dagger:hilt-android:2.56.2] AndroidManifest.xml:16:1-19:12
MERGED from [androidx.viewpager2:viewpager2:1.0.0] AndroidManifest.xml:17:1-24:12
MERGED from [androidx.fragment:fragment:1.8.5] AndroidManifest.xml:2:1-7:12
MERGED from [androidx.fragment:fragment-ktx:1.8.5] AndroidManifest.xml:2:1-7:12
MERGED from [androidx.media3:media3-ui:1.7.1] AndroidManifest.xml:17:1-22:12
MERGED from [androidx.media3:media3-exoplayer-dash:1.7.1] AndroidManifest.xml:17:1-22:12
MERGED from [androidx.media3:media3-exoplayer-hls:1.7.1] AndroidManifest.xml:17:1-22:12
MERGED from [androidx.media3:media3-exoplayer-rtsp:1.7.1] AndroidManifest.xml:17:1-22:12
MERGED from [androidx.media3:media3-exoplayer-smoothstreaming:1.7.1] AndroidManifest.xml:17:1-22:12
MERGED from [androidx.media3:media3-exoplayer-workmanager:1.7.1] AndroidManifest.xml:17:1-22:12
MERGED from [androidx.media3:media3-transformer:1.7.1] AndroidManifest.xml:17:1-22:12
MERGED from [com.github.sintrs.nextlib:nextlib-media3ext:0.8.5] AndroidManifest.xml:2:1-7:12
MERGED from [androidx.media3:media3-exoplayer:1.7.1] AndroidManifest.xml:17:1-24:12
MERGED from [androidx.media3:media3-common-ktx:1.7.1] AndroidManifest.xml:17:1-22:12
MERGED from [androidx.media3:media3-session:1.7.1] AndroidManifest.xml:17:1-22:12
MERGED from [androidx.media3:media3-extractor:1.7.1] AndroidManifest.xml:17:1-22:12
MERGED from [androidx.media3:media3-muxer:1.7.1] AndroidManifest.xml:17:1-22:12
MERGED from [androidx.media3:media3-container:1.7.1] AndroidManifest.xml:17:1-22:12
MERGED from [androidx.media3:media3-datasource-rtmp:1.7.1] AndroidManifest.xml:17:1-22:12
MERGED from [androidx.media3:media3-datasource-okhttp:1.7.1] AndroidManifest.xml:17:1-22:12
MERGED from [androidx.media3:media3-effect:1.7.1] AndroidManifest.xml:17:1-22:12
MERGED from [androidx.media3:media3-datasource:1.7.1] AndroidManifest.xml:17:1-22:12
MERGED from [androidx.media3:media3-decoder:1.7.1] AndroidManifest.xml:17:1-22:12
MERGED from [androidx.media3:media3-database:1.7.1] AndroidManifest.xml:17:1-22:12
MERGED from [androidx.media3:media3-common:1.7.1] AndroidManifest.xml:17:1-24:12
MERGED from [androidx.media3:media3-ui-compose:1.7.1] AndroidManifest.xml:17:1-22:12
MERGED from [androidx.tv:tv-material:1.1.0-alpha01] AndroidManifest.xml:2:1-7:12
MERGED from [androidx.navigation:navigation-common-android:2.9.1] AndroidManifest.xml:17:1-22:12
MERGED from [androidx.navigation:navigation-runtime-android:2.9.1] AndroidManifest.xml:17:1-22:12
MERGED from [androidx.navigation:navigation-compose-android:2.9.1] AndroidManifest.xml:2:1-7:12
MERGED from [androidx.glance:glance:1.1.1] AndroidManifest.xml:2:1-7:12
MERGED from [androidx.glance:glance-appwidget:1.1.1] AndroidManifest.xml:17:1-61:12
MERGED from [androidx.glance:glance-material3:1.1.1] AndroidManifest.xml:2:1-7:12
MERGED from [androidx.compose.material3:material3-adaptive-navigation-suite-android:1.4.0-alpha17] AndroidManifest.xml:2:1-7:12
MERGED from [androidx.compose.material3:material3-window-size-class-android:1.4.0-alpha17] AndroidManifest.xml:2:1-7:12
MERGED from [dev.chrisbanes.haze:haze-materials-android:1.6.7] AndroidManifest.xml:2:1-7:12
MERGED from [androidx.compose.material3:material3-android:1.4.0-alpha17] AndroidManifest.xml:17:1-22:12
MERGED from [androidx.constraintlayout:constraintlayout-compose-android:1.1.1] AndroidManifest.xml:2:1-7:12
MERGED from [androidx.paging:paging-compose-android:3.3.6] AndroidManifest.xml:2:1-7:12
MERGED from [androidx.work:work-runtime-ktx:2.10.2] AndroidManifest.xml:17:1-22:12
MERGED from [androidx.work:work-runtime:2.10.2] AndroidManifest.xml:17:1-145:12
MERGED from [androidx.room:room-runtime-android:2.7.2] AndroidManifest.xml:17:1-31:12
MERGED from [androidx.room:room-ktx:2.7.2] AndroidManifest.xml:17:1-22:12
MERGED from [androidx.room:room-paging-android:2.7.2] AndroidManifest.xml:17:1-22:12
MERGED from [androidx.paging:paging-common-android:3.3.6] AndroidManifest.xml:2:1-7:12
MERGED from [androidx.paging:paging-runtime-ktx:3.3.6] AndroidManifest.xml:2:1-7:12
MERGED from [androidx.paging:paging-runtime:3.3.6] AndroidManifest.xml:2:1-7:12
MERGED from [ch.acra:acra-notification:5.12.0] AndroidManifest.xml:17:1-39:12
MERGED from [androidx.drawerlayout:drawerlayout:1.1.1] AndroidManifest.xml:17:1-24:12
MERGED from [androidx.coordinatorlayout:coordinatorlayout:1.1.0] AndroidManifest.xml:17:1-24:12
MERGED from [androidx.transition:transition:1.5.0] AndroidManifest.xml:2:1-7:12
MERGED from [androidx.dynamicanimation:dynamicanimation:1.0.0] AndroidManifest.xml:17:1-22:12
MERGED from [androidx.vectordrawable:vectordrawable-animated:1.1.0] AndroidManifest.xml:17:1-24:12
MERGED from [androidx.vectordrawable:vectordrawable:1.1.0] AndroidManifest.xml:17:1-24:12
MERGED from [androidx.core:core-remoteviews:1.1.0] AndroidManifest.xml:17:1-30:12
MERGED from [androidx.recyclerview:recyclerview:1.3.0] AndroidManifest.xml:17:1-22:12
MERGED from [androidx.media:media:1.7.0] AndroidManifest.xml:2:1-7:12
MERGED from [androidx.viewpager:viewpager:1.0.0] AndroidManifest.xml:17:1-22:12
MERGED from [androidx.customview:customview:1.1.0] AndroidManifest.xml:17:1-24:12
MERGED from [androidx.palette:palette-ktx:1.0.0] AndroidManifest.xml:17:1-22:12
MERGED from [androidx.palette:palette:1.0.0] AndroidManifest.xml:17:1-22:12
MERGED from [androidx.legacy:legacy-support-core-utils:1.0.0] AndroidManifest.xml:17:1-22:12
MERGED from [androidx.compose.material:material-android:1.8.3] AndroidManifest.xml:2:1-7:12
MERGED from [io.github.oleksandrbalan:minabox-android-debug:1.10.0] AndroidManifest.xml:2:1-7:12
MERGED from [dev.chrisbanes.haze:haze-android:1.6.7] AndroidManifest.xml:2:1-7:12
MERGED from [androidx.compose.material3.adaptive:adaptive-navigation-android:1.2.0-alpha08] AndroidManifest.xml:2:1-7:12
MERGED from [androidx.compose.material3.adaptive:adaptive-android:1.2.0-alpha08] AndroidManifest.xml:17:1-22:12
MERGED from [androidx.compose.material3.adaptive:adaptive-layout-android:1.2.0-alpha08] AndroidManifest.xml:17:1-22:12
MERGED from [androidx.compose.animation:animation-core-android:1.8.3] AndroidManifest.xml:2:1-7:12
MERGED from [androidx.compose.material:material-ripple-android:1.8.3] AndroidManifest.xml:2:1-7:12
MERGED from [androidx.compose.animation:animation-android:1.8.3] AndroidManifest.xml:2:1-7:12
MERGED from [androidx.compose.foundation:foundation-layout-android:1.8.3] AndroidManifest.xml:2:1-7:12
MERGED from [androidx.compose.foundation:foundation-android:1.8.3] AndroidManifest.xml:2:1-7:12
MERGED from [androidx.compose.ui:ui-geometry-android:1.8.3] AndroidManifest.xml:2:1-7:12
MERGED from [androidx.compose.ui:ui-text-android:1.8.3] AndroidManifest.xml:2:1-7:12
MERGED from [androidx.compose.ui:ui-unit-android:1.8.3] AndroidManifest.xml:2:1-7:12
MERGED from [org.jetbrains.compose.ui:ui-backhandler-android-debug:1.8.0] AndroidManifest.xml:2:1-7:12
MERGED from [androidx.compose.ui:ui-util-android:1.8.3] AndroidManifest.xml:2:1-7:12
MERGED from [androidx.compose.ui:ui-graphics-android:1.8.3] AndroidManifest.xml:2:1-7:12
MERGED from [androidx.loader:loader:1.0.0] AndroidManifest.xml:17:1-22:12
MERGED from [androidx.autofill:autofill:1.0.0] AndroidManifest.xml:17:1-24:12
MERGED from [androidx.graphics:graphics-path:1.0.1] AndroidManifest.xml:2:1-7:12
MERGED from [androidx.emoji2:emoji2-views-helper:1.4.0] AndroidManifest.xml:2:1-7:12
MERGED from [androidx.emoji2:emoji2:1.4.0] AndroidManifest.xml:17:1-35:12
MERGED from [androidx.window:window-core-android:1.4.0-rc01] AndroidManifest.xml:2:1-7:12
MERGED from [androidx.window:window:1.4.0-rc01] AndroidManifest.xml:17:1-31:12
MERGED from [androidx.core:core:1.16.0] AndroidManifest.xml:17:1-30:12
MERGED from [androidx.lifecycle:lifecycle-livedata-core:2.9.1] AndroidManifest.xml:17:1-22:12
MERGED from [androidx.lifecycle:lifecycle-livedata-core-ktx:2.9.1] AndroidManifest.xml:2:1-7:12
MERGED from [androidx.lifecycle:lifecycle-viewmodel-savedstate:2.9.1] AndroidManifest.xml:2:1-5:12
MERGED from [androidx.lifecycle:lifecycle-viewmodel-savedstate-android:2.9.1] AndroidManifest.xml:17:1-22:12
MERGED from [androidx.lifecycle:lifecycle-service:2.9.1] AndroidManifest.xml:2:1-7:12
MERGED from [androidx.lifecycle:lifecycle-livedata:2.9.1] AndroidManifest.xml:17:1-22:12
MERGED from [androidx.lifecycle:lifecycle-viewmodel:2.9.1] AndroidManifest.xml:2:1-5:12
MERGED from [androidx.lifecycle:lifecycle-viewmodel-android:2.9.1] AndroidManifest.xml:17:1-22:12
MERGED from [androidx.savedstate:savedstate-ktx:1.3.0] AndroidManifest.xml:2:1-7:12
MERGED from [androidx.savedstate:savedstate-compose-android:1.3.0] AndroidManifest.xml:2:1-7:12
MERGED from [androidx.savedstate:savedstate:1.3.0] AndroidManifest.xml:2:1-5:12
MERGED from [androidx.savedstate:savedstate-android:1.3.0] AndroidManifest.xml:17:1-22:12
MERGED from [androidx.lifecycle:lifecycle-runtime-android:2.9.1] AndroidManifest.xml:17:1-22:12
MERGED from [androidx.lifecycle:lifecycle-livedata-ktx:2.9.1] AndroidManifest.xml:2:1-7:12
MERGED from [androidx.lifecycle:lifecycle-viewmodel-ktx:2.9.1] AndroidManifest.xml:2:1-7:12
MERGED from [androidx.lifecycle:lifecycle-runtime-compose-android:2.9.1] AndroidManifest.xml:2:1-7:12
MERGED from [androidx.lifecycle:lifecycle-runtime-ktx-android:2.9.1] AndroidManifest.xml:2:1-7:12
MERGED from [androidx.lifecycle:lifecycle-process:2.9.1] AndroidManifest.xml:17:1-35:12
MERGED from [androidx.lifecycle:lifecycle-viewmodel-compose-android:2.9.1] AndroidManifest.xml:2:1-7:12
MERGED from [com.google.accompanist:accompanist-drawablepainter:0.32.0] AndroidManifest.xml:17:1-23:12
MERGED from [androidx.compose.material:material-icons-extended-android:1.7.8] AndroidManifest.xml:2:1-7:12
MERGED from [androidx.compose.material:material-icons-core-android:1.7.8] AndroidManifest.xml:2:1-7:12
MERGED from [androidx.compose.ui:ui-android:1.8.3] AndroidManifest.xml:2:1-7:12
MERGED from [androidx.activity:activity-ktx:1.10.1] AndroidManifest.xml:2:1-7:12
MERGED from [androidx.activity:activity:1.10.1] AndroidManifest.xml:17:1-22:12
MERGED from [androidx.activity:activity-compose:1.10.1] AndroidManifest.xml:2:1-7:12
MERGED from [androidx.graphics:graphics-shapes-android:1.0.1] AndroidManifest.xml:2:1-7:12
MERGED from [androidx.customview:customview-poolingcontainer:1.0.0] AndroidManifest.xml:17:1-23:12
MERGED from [androidx.core:core-ktx:1.16.0] AndroidManifest.xml:2:1-7:12
MERGED from [androidx.core:core-splashscreen:1.0.1] AndroidManifest.xml:17:1-24:12
MERGED from [ch.acra:acra-mail:5.12.0] AndroidManifest.xml:17:1-38:12
MERGED from [com.squareup.leakcanary:leakcanary-android-core:2.14] AndroidManifest.xml:17:1-105:12
MERGED from [com.squareup.leakcanary:leakcanary-object-watcher-android:2.14] AndroidManifest.xml:2:1-15:12
MERGED from [com.squareup.leakcanary:plumber-android:2.14] AndroidManifest.xml:2:1-15:12
MERGED from [com.jakewharton.timber:timber:5.0.1] AndroidManifest.xml:2:1-9:12
MERGED from [com.github.sintrs.nextlib:nextlib-mediainfo:0.8.5] AndroidManifest.xml:2:1-7:12
MERGED from [androidx.compose.runtime:runtime-saveable-android:1.8.3] AndroidManifest.xml:2:1-7:12
MERGED from [androidx.compose.runtime:runtime-android:1.8.3] AndroidManifest.xml:2:1-7:12
MERGED from [androidx.annotation:annotation-experimental:1.4.1] AndroidManifest.xml:2:1-7:12
MERGED from [ch.acra:acra-core:5.12.0] AndroidManifest.xml:17:1-45:12
MERGED from [com.squareup.leakcanary:leakcanary-object-watcher-android-androidx:2.14] AndroidManifest.xml:2:1-7:12
MERGED from [com.squareup.leakcanary:leakcanary-object-watcher-android-support-fragments:2.14] AndroidManifest.xml:2:1-7:12
MERGED from [com.squareup.leakcanary:leakcanary-object-watcher-android-core:2.14] AndroidManifest.xml:2:1-7:12
MERGED from [com.squareup.leakcanary:plumber-android-core:2.14] AndroidManifest.xml:2:1-7:12
MERGED from [androidx.datastore:datastore-core-android:1.2.0] AndroidManifest.xml:2:1-7:12
MERGED from [androidx.datastore:datastore-preferences-core-android:1.2.0] AndroidManifest.xml:2:1-7:12
MERGED from [androidx.datastore:datastore-android:1.2.0] AndroidManifest.xml:17:1-22:12
MERGED from [androidx.datastore:datastore-preferences-android:1.2.0] AndroidManifest.xml:17:1-22:12
MERGED from [androidx.profileinstaller:profileinstaller:1.4.1] AndroidManifest.xml:17:1-55:12
MERGED from [androidx.core:core-viewtree:1.0.0] AndroidManifest.xml:2:1-7:12
MERGED from [com.squareup.leakcanary:leakcanary-android-utils:2.14] AndroidManifest.xml:2:1-7:12
MERGED from [com.squareup.curtains:curtains:1.2.4] AndroidManifest.xml:2:1-9:12
MERGED from [androidx.startup:startup-runtime:1.2.0] AndroidManifest.xml:17:1-31:12
MERGED from [androidx.cursoradapter:cursoradapter:1.0.0] AndroidManifest.xml:17:1-22:12
MERGED from [androidx.cardview:cardview:1.0.0] AndroidManifest.xml:17:1-22:12
MERGED from [androidx.databinding:viewbinding:8.7.2] AndroidManifest.xml:2:1-7:12
MERGED from [androidx.interpolator:interpolator:1.0.0] AndroidManifest.xml:17:1-22:12
MERGED from [androidx.versionedparcelable:versionedparcelable:1.1.1] AndroidManifest.xml:17:1-27:12
MERGED from [androidx.exifinterface:exifinterface:1.3.7] AndroidManifest.xml:17:1-24:12
MERGED from [androidx.arch.core:core-runtime:2.2.0] AndroidManifest.xml:17:1-22:12
MERGED from [androidx.documentfile:documentfile:1.0.0] AndroidManifest.xml:17:1-22:12
MERGED from [androidx.localbroadcastmanager:localbroadcastmanager:1.0.0] AndroidManifest.xml:17:1-22:12
MERGED from [androidx.print:print:1.0.0] AndroidManifest.xml:17:1-22:12
MERGED from [androidx.sqlite:sqlite-framework-android:2.5.1] AndroidManifest.xml:17:1-22:12
MERGED from [androidx.sqlite:sqlite-android:2.5.1] AndroidManifest.xml:17:1-22:12
MERGED from [androidx.tracing:tracing-ktx:1.3.0] AndroidManifest.xml:17:1-22:12
MERGED from [androidx.tracing:tracing-android:1.3.0] AndroidManifest.xml:17:1-22:12
MERGED from [com.github.tony19:logback-android:3.0.0] AndroidManifest.xml:2:1-7:12
MERGED from [com.google.dagger:dagger-lint-aar:2.56.2] AndroidManifest.xml:16:1-19:12
MERGED from [io.antmedia:rtmp-client:3.2.0] AndroidManifest.xml:2:1-11:12
	package
		INJECTED from src\main\AndroidManifest.xml
	android:versionName
		INJECTED from src\main\AndroidManifest.xml
	xmlns:tools
		ADDED from src\main\AndroidManifest.xml:3:5-51
	android:versionCode
		INJECTED from src\main\AndroidManifest.xml
	xmlns:android
		ADDED from src\main\AndroidManifest.xml:2:11-69
uses-permission#android.permission.INTERNET
ADDED from src\main\AndroidManifest.xml:5:5-67
MERGED from [:core:media-resolver] AndroidManifest.xml:7:5-67
MERGED from [:core:media-resolver] AndroidManifest.xml:7:5-67
MERGED from [io.antmedia:rtmp-client:3.2.0] AndroidManifest.xml:9:5-67
MERGED from [io.antmedia:rtmp-client:3.2.0] AndroidManifest.xml:9:5-67
	android:name
		ADDED from src\main\AndroidManifest.xml:5:22-64
uses-permission#android.permission.ACCESS_WIFI_STATE
ADDED from src\main\AndroidManifest.xml:6:5-76
	android:name
		ADDED from src\main\AndroidManifest.xml:6:22-73
uses-permission#android.permission.CHANGE_WIFI_STATE
ADDED from src\main\AndroidManifest.xml:7:5-76
	android:name
		ADDED from src\main\AndroidManifest.xml:7:22-73
uses-permission#android.permission.CHANGE_WIFI_MULTICAST_STATE
ADDED from src\main\AndroidManifest.xml:8:5-86
	android:name
		ADDED from src\main\AndroidManifest.xml:8:22-83
uses-permission#android.permission.ACCESS_NETWORK_STATE
ADDED from src\main\AndroidManifest.xml:9:5-79
MERGED from [:data] AndroidManifest.xml:7:5-79
MERGED from [:data] AndroidManifest.xml:7:5-79
MERGED from [:core:media-resolver] AndroidManifest.xml:8:5-79
MERGED from [:core:media-resolver] AndroidManifest.xml:8:5-79
MERGED from [androidx.media3:media3-exoplayer:1.7.1] AndroidManifest.xml:22:5-79
MERGED from [androidx.media3:media3-exoplayer:1.7.1] AndroidManifest.xml:22:5-79
MERGED from [androidx.media3:media3-common:1.7.1] AndroidManifest.xml:22:5-79
MERGED from [androidx.media3:media3-common:1.7.1] AndroidManifest.xml:22:5-79
MERGED from [androidx.work:work-runtime:2.10.2] AndroidManifest.xml:24:5-79
MERGED from [androidx.work:work-runtime:2.10.2] AndroidManifest.xml:24:5-79
	android:name
		ADDED from src\main\AndroidManifest.xml:9:22-76
uses-permission#android.permission.READ_EXTERNAL_STORAGE
ADDED from src\main\AndroidManifest.xml:10:5-80
MERGED from [com.squareup.leakcanary:leakcanary-android-core:2.14] AndroidManifest.xml:25:5-80
MERGED from [com.squareup.leakcanary:leakcanary-android-core:2.14] AndroidManifest.xml:25:5-80
	android:name
		ADDED from src\main\AndroidManifest.xml:10:22-77
uses-permission#android.permission.WRITE_EXTERNAL_STORAGE
ADDED from src\main\AndroidManifest.xml:11:5-81
MERGED from [:business:playlist] AndroidManifest.xml:7:5-81
MERGED from [:business:playlist] AndroidManifest.xml:7:5-81
MERGED from [com.squareup.leakcanary:leakcanary-android-core:2.14] AndroidManifest.xml:26:5-81
MERGED from [com.squareup.leakcanary:leakcanary-android-core:2.14] AndroidManifest.xml:26:5-81
	android:name
		ADDED from src\main\AndroidManifest.xml:11:22-78
uses-permission#android.permission.POST_NOTIFICATIONS
ADDED from src\main\AndroidManifest.xml:12:5-77
MERGED from [:business:setting] AndroidManifest.xml:7:5-77
MERGED from [:business:setting] AndroidManifest.xml:7:5-77
MERGED from [:business:playlist] AndroidManifest.xml:8:5-77
MERGED from [:business:playlist] AndroidManifest.xml:8:5-77
MERGED from [:business:channel] AndroidManifest.xml:7:5-77
MERGED from [:business:channel] AndroidManifest.xml:7:5-77
MERGED from [com.github.chuckerteam.chucker:library:4.1.0] AndroidManifest.xml:18:5-77
MERGED from [com.github.chuckerteam.chucker:library:4.1.0] AndroidManifest.xml:18:5-77
MERGED from [ch.acra:acra-notification:5.12.0] AndroidManifest.xml:22:5-77
MERGED from [ch.acra:acra-notification:5.12.0] AndroidManifest.xml:22:5-77
MERGED from [com.squareup.leakcanary:leakcanary-android-core:2.14] AndroidManifest.xml:29:5-77
MERGED from [com.squareup.leakcanary:leakcanary-android-core:2.14] AndroidManifest.xml:29:5-77
	android:name
		ADDED from src\main\AndroidManifest.xml:12:22-74
uses-permission#android.permission.WAKE_LOCK
ADDED from src\main\AndroidManifest.xml:13:5-68
MERGED from [:data] AndroidManifest.xml:8:5-68
MERGED from [:data] AndroidManifest.xml:8:5-68
MERGED from [com.github.chuckerteam.chucker:library:4.1.0] AndroidManifest.xml:15:5-17:38
MERGED from [com.github.chuckerteam.chucker:library:4.1.0] AndroidManifest.xml:15:5-17:38
MERGED from [androidx.work:work-runtime:2.10.2] AndroidManifest.xml:23:5-68
MERGED from [androidx.work:work-runtime:2.10.2] AndroidManifest.xml:23:5-68
	android:maxSdkVersion
		ADDED from [com.github.chuckerteam.chucker:library:4.1.0] AndroidManifest.xml:17:9-35
	android:name
		ADDED from src\main\AndroidManifest.xml:13:22-65
uses-permission#android.permission.READ_MEDIA_VIDEO
ADDED from src\main\AndroidManifest.xml:14:5-75
	android:name
		ADDED from src\main\AndroidManifest.xml:14:22-72
uses-permission#android.permission.FOREGROUND_SERVICE
ADDED from src\main\AndroidManifest.xml:15:5-77
MERGED from [androidx.work:work-runtime:2.10.2] AndroidManifest.xml:26:5-77
MERGED from [androidx.work:work-runtime:2.10.2] AndroidManifest.xml:26:5-77
	android:name
		ADDED from src\main\AndroidManifest.xml:15:22-74
uses-permission#android.permission.FOREGROUND_SERVICE_DATA_SYNC
ADDED from src\main\AndroidManifest.xml:16:5-87
	android:name
		ADDED from src\main\AndroidManifest.xml:16:22-84
uses-permission#android.permission.FOREGROUND_SERVICE_MEDIA_PLAYBACK
ADDED from src\main\AndroidManifest.xml:17:5-92
	android:name
		ADDED from src\main\AndroidManifest.xml:17:22-89
uses-permission#android.permission.QUERY_ALL_PACKAGES
ADDED from src\main\AndroidManifest.xml:18:5-20:53
	tools:ignore
		ADDED from src\main\AndroidManifest.xml:20:9-50
	android:name
		ADDED from src\main\AndroidManifest.xml:19:9-61
uses-permission#android.permission.RECEIVE_BOOT_COMPLETED
ADDED from src\main\AndroidManifest.xml:21:5-81
MERGED from [androidx.work:work-runtime:2.10.2] AndroidManifest.xml:25:5-81
MERGED from [androidx.work:work-runtime:2.10.2] AndroidManifest.xml:25:5-81
	android:name
		ADDED from src\main\AndroidManifest.xml:21:22-78
queries
ADDED from src\main\AndroidManifest.xml:23:5-28:15
MERGED from [com.github.chuckerteam.chucker:library:4.1.0] AndroidManifest.xml:7:5-13:15
MERGED from [com.github.chuckerteam.chucker:library:4.1.0] AndroidManifest.xml:7:5-13:15
MERGED from [ch.acra:acra-mail:5.12.0] AndroidManifest.xml:22:5-36:15
MERGED from [ch.acra:acra-mail:5.12.0] AndroidManifest.xml:22:5-36:15
package#com.m3u.extension
ADDED from src\main\AndroidManifest.xml:24:9-53
	android:name
		ADDED from src\main\AndroidManifest.xml:24:18-50
intent#action:name:com.m3u.extension.ExtensionService
ADDED from src\main\AndroidManifest.xml:25:9-27:18
action#com.m3u.extension.ExtensionService
ADDED from src\main\AndroidManifest.xml:26:13-73
	android:name
		ADDED from src\main\AndroidManifest.xml:26:21-70
uses-feature#android.software.leanback
ADDED from src\main\AndroidManifest.xml:31:5-33:36
	android:required
		ADDED from src\main\AndroidManifest.xml:33:9-33
	android:name
		ADDED from src\main\AndroidManifest.xml:32:9-49
uses-feature#android.hardware.touchscreen
ADDED from src\main\AndroidManifest.xml:34:5-36:36
	android:required
		ADDED from src\main\AndroidManifest.xml:36:9-33
	android:name
		ADDED from src\main\AndroidManifest.xml:35:9-52
uses-feature#android.hardware.wifi
ADDED from src\main\AndroidManifest.xml:37:5-39:36
	android:required
		ADDED from src\main\AndroidManifest.xml:39:9-33
	android:name
		ADDED from src\main\AndroidManifest.xml:38:9-45
application
ADDED from src\main\AndroidManifest.xml:41:5-169:19
INJECTED from src\main\AndroidManifest.xml:41:5-169:19
MERGED from [com.github.chuckerteam.chucker:library:4.1.0] AndroidManifest.xml:20:5-50:19
MERGED from [com.github.chuckerteam.chucker:library:4.1.0] AndroidManifest.xml:20:5-50:19
MERGED from [com.google.android.material:material:1.12.0] AndroidManifest.xml:22:5-20
MERGED from [com.google.android.material:material:1.12.0] AndroidManifest.xml:22:5-20
MERGED from [com.airbnb.android:lottie:6.6.7] AndroidManifest.xml:7:5-20
MERGED from [com.airbnb.android:lottie:6.6.7] AndroidManifest.xml:7:5-20
MERGED from [androidx.constraintlayout:constraintlayout:2.2.0] AndroidManifest.xml:7:5-20
MERGED from [androidx.constraintlayout:constraintlayout:2.2.0] AndroidManifest.xml:7:5-20
MERGED from [androidx.glance:glance-appwidget:1.1.1] AndroidManifest.xml:22:5-59:19
MERGED from [androidx.glance:glance-appwidget:1.1.1] AndroidManifest.xml:22:5-59:19
MERGED from [androidx.work:work-runtime:2.10.2] AndroidManifest.xml:28:5-143:19
MERGED from [androidx.work:work-runtime:2.10.2] AndroidManifest.xml:28:5-143:19
MERGED from [androidx.room:room-runtime-android:2.7.2] AndroidManifest.xml:23:5-29:19
MERGED from [androidx.room:room-runtime-android:2.7.2] AndroidManifest.xml:23:5-29:19
MERGED from [ch.acra:acra-notification:5.12.0] AndroidManifest.xml:24:5-37:19
MERGED from [ch.acra:acra-notification:5.12.0] AndroidManifest.xml:24:5-37:19
MERGED from [androidx.core:core-remoteviews:1.1.0] AndroidManifest.xml:23:5-28:19
MERGED from [androidx.core:core-remoteviews:1.1.0] AndroidManifest.xml:23:5-28:19
MERGED from [androidx.emoji2:emoji2:1.4.0] AndroidManifest.xml:23:5-33:19
MERGED from [androidx.emoji2:emoji2:1.4.0] AndroidManifest.xml:23:5-33:19
MERGED from [androidx.window:window:1.4.0-rc01] AndroidManifest.xml:22:5-29:19
MERGED from [androidx.window:window:1.4.0-rc01] AndroidManifest.xml:22:5-29:19
MERGED from [androidx.core:core:1.16.0] AndroidManifest.xml:28:5-89
MERGED from [androidx.core:core:1.16.0] AndroidManifest.xml:28:5-89
MERGED from [androidx.lifecycle:lifecycle-process:2.9.1] AndroidManifest.xml:23:5-33:19
MERGED from [androidx.lifecycle:lifecycle-process:2.9.1] AndroidManifest.xml:23:5-33:19
MERGED from [com.squareup.leakcanary:leakcanary-android-core:2.14] AndroidManifest.xml:31:5-103:19
MERGED from [com.squareup.leakcanary:leakcanary-android-core:2.14] AndroidManifest.xml:31:5-103:19
MERGED from [com.squareup.leakcanary:leakcanary-object-watcher-android:2.14] AndroidManifest.xml:7:5-13:19
MERGED from [com.squareup.leakcanary:leakcanary-object-watcher-android:2.14] AndroidManifest.xml:7:5-13:19
MERGED from [com.squareup.leakcanary:plumber-android:2.14] AndroidManifest.xml:7:5-13:19
MERGED from [com.squareup.leakcanary:plumber-android:2.14] AndroidManifest.xml:7:5-13:19
MERGED from [com.jakewharton.timber:timber:5.0.1] AndroidManifest.xml:7:5-20
MERGED from [com.jakewharton.timber:timber:5.0.1] AndroidManifest.xml:7:5-20
MERGED from [ch.acra:acra-core:5.12.0] AndroidManifest.xml:23:5-43:19
MERGED from [ch.acra:acra-core:5.12.0] AndroidManifest.xml:23:5-43:19
MERGED from [androidx.profileinstaller:profileinstaller:1.4.1] AndroidManifest.xml:23:5-53:19
MERGED from [androidx.profileinstaller:profileinstaller:1.4.1] AndroidManifest.xml:23:5-53:19
MERGED from [androidx.startup:startup-runtime:1.2.0] AndroidManifest.xml:23:5-29:19
MERGED from [androidx.startup:startup-runtime:1.2.0] AndroidManifest.xml:23:5-29:19
MERGED from [androidx.versionedparcelable:versionedparcelable:1.1.1] AndroidManifest.xml:24:5-25:19
MERGED from [androidx.versionedparcelable:versionedparcelable:1.1.1] AndroidManifest.xml:24:5-25:19
	android:extractNativeLibs
		INJECTED from src\main\AndroidManifest.xml
	android:requestLegacyExternalStorage
		ADDED from src\main\AndroidManifest.xml:52:9-52
	android:appCategory
		ADDED from src\main\AndroidManifest.xml:44:9-36
	android:icon
		ADDED from src\main\AndroidManifest.xml:50:9-43
	android:banner
		ADDED from src\main\AndroidManifest.xml:45:9-45
	android:networkSecurityConfig
		ADDED from src\main\AndroidManifest.xml:56:9-69
	android:appComponentFactory
		ADDED from [androidx.core:core:1.16.0] AndroidManifest.xml:28:18-86
	android:supportsRtl